2025-11-12 23:28:54,898 [Worker-2: Loading available Gradle versions] INFO  o.e.b.c.i.u.g.PublishedGradleVersions - Gradle version information cache is not available. Remote download required.
2025-11-12 23:29:33,950 [Worker-22: Launching mavenrun-916ef5ff-dd20-486f-8467-7abd8b400631] INFO  o.eclipse.m2e.core.internal.Bundles - getClasspathEntries(Bundle=org.eclipse.m2e.maven.runtime_3.9.900.20250220-2013 [637])
2025-11-12 23:29:33,954 [Worker-22: Launching mavenrun-916ef5ff-dd20-486f-8467-7abd8b400631] INFO  o.eclipse.m2e.core.internal.Bundles - 	Entry: C:\Users\ganes\.p2\pool\plugins\org.eclipse.m2e.maven.runtime_3.9.900.20250220-2013
2025-11-12 23:29:33,954 [Worker-22: Launching mavenrun-916ef5ff-dd20-486f-8467-7abd8b400631] INFO  o.eclipse.m2e.core.internal.Bundles - 	Entry: C:\Users\ganes\.p2\pool\plugins\org.eclipse.m2e.maven.runtime_3.9.900.20250220-2013\jars\aopalliance-1.0.jar
2025-11-12 23:29:33,957 [Worker-22: Launching mavenrun-916ef5ff-dd20-486f-8467-7abd8b400631] INFO  o.eclipse.m2e.core.internal.Bundles - 	Entry: C:\Users\ganes\.p2\pool\plugins\org.eclipse.m2e.maven.runtime_3.9.900.20250220-2013\jars\guice-5.1.0.jar
2025-11-12 23:29:33,957 [Worker-22: Launching mavenrun-916ef5ff-dd20-486f-8467-7abd8b400631] INFO  o.eclipse.m2e.core.internal.Bundles - 	Entry: C:\Users\ganes\.p2\pool\plugins\org.eclipse.m2e.maven.runtime_3.9.900.20250220-2013\jars\httpclient-4.5.14.jar
2025-11-12 23:29:33,957 [Worker-22: Launching mavenrun-916ef5ff-dd20-486f-8467-7abd8b400631] INFO  o.eclipse.m2e.core.internal.Bundles - 	Entry: C:\Users\ganes\.p2\pool\plugins\org.eclipse.m2e.maven.runtime_3.9.900.20250220-2013\jars\httpcore-4.4.16.jar
2025-11-12 23:29:33,958 [Worker-22: Launching mavenrun-916ef5ff-dd20-486f-8467-7abd8b400631] INFO  o.eclipse.m2e.core.internal.Bundles - 	Entry: C:\Users\ganes\.p2\pool\plugins\org.eclipse.m2e.maven.runtime_3.9.900.20250220-2013\jars\jansi-2.4.1.jar
2025-11-12 23:29:33,958 [Worker-22: Launching mavenrun-916ef5ff-dd20-486f-8467-7abd8b400631] INFO  o.eclipse.m2e.core.internal.Bundles - 	Entry: C:\Users\ganes\.p2\pool\plugins\org.eclipse.m2e.maven.runtime_3.9.900.20250220-2013\jars\jcl-over-slf4j-1.7.36.jar
2025-11-12 23:29:33,958 [Worker-22: Launching mavenrun-916ef5ff-dd20-486f-8467-7abd8b400631] INFO  o.eclipse.m2e.core.internal.Bundles - 	Entry: C:\Users\ganes\.p2\pool\plugins\org.eclipse.m2e.maven.runtime_3.9.900.20250220-2013\jars\maven-artifact-3.9.9.jar
2025-11-12 23:29:33,958 [Worker-22: Launching mavenrun-916ef5ff-dd20-486f-8467-7abd8b400631] INFO  o.eclipse.m2e.core.internal.Bundles - 	Entry: C:\Users\ganes\.p2\pool\plugins\org.eclipse.m2e.maven.runtime_3.9.900.20250220-2013\jars\maven-builder-support-3.9.9.jar
2025-11-12 23:29:33,958 [Worker-22: Launching mavenrun-916ef5ff-dd20-486f-8467-7abd8b400631] INFO  o.eclipse.m2e.core.internal.Bundles - 	Entry: C:\Users\ganes\.p2\pool\plugins\org.eclipse.m2e.maven.runtime_3.9.900.20250220-2013\jars\maven-compat-3.9.9.jar
2025-11-12 23:29:33,958 [Worker-22: Launching mavenrun-916ef5ff-dd20-486f-8467-7abd8b400631] INFO  o.eclipse.m2e.core.internal.Bundles - 	Entry: C:\Users\ganes\.p2\pool\plugins\org.eclipse.m2e.maven.runtime_3.9.900.20250220-2013\jars\maven-core-3.9.9.jar
2025-11-12 23:29:33,958 [Worker-22: Launching mavenrun-916ef5ff-dd20-486f-8467-7abd8b400631] INFO  o.eclipse.m2e.core.internal.Bundles - 	Entry: C:\Users\ganes\.p2\pool\plugins\org.eclipse.m2e.maven.runtime_3.9.900.20250220-2013\jars\maven-embedder-3.9.9.jar
2025-11-12 23:29:33,958 [Worker-22: Launching mavenrun-916ef5ff-dd20-486f-8467-7abd8b400631] INFO  o.eclipse.m2e.core.internal.Bundles - 	Entry: C:\Users\ganes\.p2\pool\plugins\org.eclipse.m2e.maven.runtime_3.9.900.20250220-2013\jars\maven-model-3.9.9.jar
2025-11-12 23:29:33,958 [Worker-22: Launching mavenrun-916ef5ff-dd20-486f-8467-7abd8b400631] INFO  o.eclipse.m2e.core.internal.Bundles - 	Entry: C:\Users\ganes\.p2\pool\plugins\org.eclipse.m2e.maven.runtime_3.9.900.20250220-2013\jars\maven-model-builder-3.9.9.jar
2025-11-12 23:29:33,958 [Worker-22: Launching mavenrun-916ef5ff-dd20-486f-8467-7abd8b400631] INFO  o.eclipse.m2e.core.internal.Bundles - 	Entry: C:\Users\ganes\.p2\pool\plugins\org.eclipse.m2e.maven.runtime_3.9.900.20250220-2013\jars\maven-plugin-api-3.9.9.jar
2025-11-12 23:29:33,959 [Worker-22: Launching mavenrun-916ef5ff-dd20-486f-8467-7abd8b400631] INFO  o.eclipse.m2e.core.internal.Bundles - 	Entry: C:\Users\ganes\.p2\pool\plugins\org.eclipse.m2e.maven.runtime_3.9.900.20250220-2013\jars\maven-repository-metadata-3.9.9.jar
2025-11-12 23:29:33,959 [Worker-22: Launching mavenrun-916ef5ff-dd20-486f-8467-7abd8b400631] INFO  o.eclipse.m2e.core.internal.Bundles - 	Entry: C:\Users\ganes\.p2\pool\plugins\org.eclipse.m2e.maven.runtime_3.9.900.20250220-2013\jars\maven-resolver-api-1.9.22.jar
2025-11-12 23:29:33,959 [Worker-22: Launching mavenrun-916ef5ff-dd20-486f-8467-7abd8b400631] INFO  o.eclipse.m2e.core.internal.Bundles - 	Entry: C:\Users\ganes\.p2\pool\plugins\org.eclipse.m2e.maven.runtime_3.9.900.20250220-2013\jars\maven-resolver-connector-basic-1.9.22.jar
2025-11-12 23:29:33,959 [Worker-22: Launching mavenrun-916ef5ff-dd20-486f-8467-7abd8b400631] INFO  o.eclipse.m2e.core.internal.Bundles - 	Entry: C:\Users\ganes\.p2\pool\plugins\org.eclipse.m2e.maven.runtime_3.9.900.20250220-2013\jars\maven-resolver-impl-1.9.22.jar
2025-11-12 23:29:33,959 [Worker-22: Launching mavenrun-916ef5ff-dd20-486f-8467-7abd8b400631] INFO  o.eclipse.m2e.core.internal.Bundles - 	Entry: C:\Users\ganes\.p2\pool\plugins\org.eclipse.m2e.maven.runtime_3.9.900.20250220-2013\jars\maven-resolver-named-locks-1.9.22.jar
2025-11-12 23:29:33,959 [Worker-22: Launching mavenrun-916ef5ff-dd20-486f-8467-7abd8b400631] INFO  o.eclipse.m2e.core.internal.Bundles - 	Entry: C:\Users\ganes\.p2\pool\plugins\org.eclipse.m2e.maven.runtime_3.9.900.20250220-2013\jars\maven-resolver-provider-3.9.9.jar
2025-11-12 23:29:33,959 [Worker-22: Launching mavenrun-916ef5ff-dd20-486f-8467-7abd8b400631] INFO  o.eclipse.m2e.core.internal.Bundles - 	Entry: C:\Users\ganes\.p2\pool\plugins\org.eclipse.m2e.maven.runtime_3.9.900.20250220-2013\jars\maven-resolver-spi-1.9.22.jar
2025-11-12 23:29:33,959 [Worker-22: Launching mavenrun-916ef5ff-dd20-486f-8467-7abd8b400631] INFO  o.eclipse.m2e.core.internal.Bundles - 	Entry: C:\Users\ganes\.p2\pool\plugins\org.eclipse.m2e.maven.runtime_3.9.900.20250220-2013\jars\maven-resolver-transport-file-1.9.22.jar
2025-11-12 23:29:33,959 [Worker-22: Launching mavenrun-916ef5ff-dd20-486f-8467-7abd8b400631] INFO  o.eclipse.m2e.core.internal.Bundles - 	Entry: C:\Users\ganes\.p2\pool\plugins\org.eclipse.m2e.maven.runtime_3.9.900.20250220-2013\jars\maven-resolver-transport-http-1.9.22.jar
2025-11-12 23:29:33,959 [Worker-22: Launching mavenrun-916ef5ff-dd20-486f-8467-7abd8b400631] INFO  o.eclipse.m2e.core.internal.Bundles - 	Entry: C:\Users\ganes\.p2\pool\plugins\org.eclipse.m2e.maven.runtime_3.9.900.20250220-2013\jars\maven-resolver-transport-wagon-1.9.22.jar
2025-11-12 23:29:33,959 [Worker-22: Launching mavenrun-916ef5ff-dd20-486f-8467-7abd8b400631] INFO  o.eclipse.m2e.core.internal.Bundles - 	Entry: C:\Users\ganes\.p2\pool\plugins\org.eclipse.m2e.maven.runtime_3.9.900.20250220-2013\jars\maven-resolver-util-1.9.22.jar
2025-11-12 23:29:33,959 [Worker-22: Launching mavenrun-916ef5ff-dd20-486f-8467-7abd8b400631] INFO  o.eclipse.m2e.core.internal.Bundles - 	Entry: C:\Users\ganes\.p2\pool\plugins\org.eclipse.m2e.maven.runtime_3.9.900.20250220-2013\jars\maven-settings-3.9.9.jar
2025-11-12 23:29:33,959 [Worker-22: Launching mavenrun-916ef5ff-dd20-486f-8467-7abd8b400631] INFO  o.eclipse.m2e.core.internal.Bundles - 	Entry: C:\Users\ganes\.p2\pool\plugins\org.eclipse.m2e.maven.runtime_3.9.900.20250220-2013\jars\maven-settings-builder-3.9.9.jar
2025-11-12 23:29:33,960 [Worker-22: Launching mavenrun-916ef5ff-dd20-486f-8467-7abd8b400631] INFO  o.eclipse.m2e.core.internal.Bundles - 	Entry: C:\Users\ganes\.p2\pool\plugins\org.eclipse.m2e.maven.runtime_3.9.900.20250220-2013\jars\maven-shared-utils-3.4.2.jar
2025-11-12 23:29:33,960 [Worker-22: Launching mavenrun-916ef5ff-dd20-486f-8467-7abd8b400631] INFO  o.eclipse.m2e.core.internal.Bundles - 	Entry: C:\Users\ganes\.p2\pool\plugins\org.eclipse.m2e.maven.runtime_3.9.900.20250220-2013\jars\org.eclipse.sisu.inject-0.9.0.M3.jar
2025-11-12 23:29:33,960 [Worker-22: Launching mavenrun-916ef5ff-dd20-486f-8467-7abd8b400631] INFO  o.eclipse.m2e.core.internal.Bundles - 	Entry: C:\Users\ganes\.p2\pool\plugins\org.eclipse.m2e.maven.runtime_3.9.900.20250220-2013\jars\org.eclipse.sisu.plexus-0.9.0.M3.jar
2025-11-12 23:29:33,960 [Worker-22: Launching mavenrun-916ef5ff-dd20-486f-8467-7abd8b400631] INFO  o.eclipse.m2e.core.internal.Bundles - 	Entry: C:\Users\ganes\.p2\pool\plugins\org.eclipse.m2e.maven.runtime_3.9.900.20250220-2013\jars\plexus-build-api-0.0.7.jar
2025-11-12 23:29:33,960 [Worker-22: Launching mavenrun-916ef5ff-dd20-486f-8467-7abd8b400631] INFO  o.eclipse.m2e.core.internal.Bundles - 	Entry: C:\Users\ganes\.p2\pool\plugins\org.eclipse.m2e.maven.runtime_3.9.900.20250220-2013\jars\plexus-build-api-1.2.0.jar
2025-11-12 23:29:33,960 [Worker-22: Launching mavenrun-916ef5ff-dd20-486f-8467-7abd8b400631] INFO  o.eclipse.m2e.core.internal.Bundles - 	Entry: C:\Users\ganes\.p2\pool\plugins\org.eclipse.m2e.maven.runtime_3.9.900.20250220-2013\jars\plexus-cipher-2.0.jar
2025-11-12 23:29:33,960 [Worker-22: Launching mavenrun-916ef5ff-dd20-486f-8467-7abd8b400631] INFO  o.eclipse.m2e.core.internal.Bundles - 	Entry: C:\Users\ganes\.p2\pool\plugins\org.eclipse.m2e.maven.runtime_3.9.900.20250220-2013\jars\plexus-classworlds-2.8.0.jar
2025-11-12 23:29:33,960 [Worker-22: Launching mavenrun-916ef5ff-dd20-486f-8467-7abd8b400631] INFO  o.eclipse.m2e.core.internal.Bundles - 	Entry: C:\Users\ganes\.p2\pool\plugins\org.eclipse.m2e.maven.runtime_3.9.900.20250220-2013\jars\plexus-component-annotations-2.1.0.jar
2025-11-12 23:29:33,961 [Worker-22: Launching mavenrun-916ef5ff-dd20-486f-8467-7abd8b400631] INFO  o.eclipse.m2e.core.internal.Bundles - 	Entry: C:\Users\ganes\.p2\pool\plugins\org.eclipse.m2e.maven.runtime_3.9.900.20250220-2013\jars\plexus-interpolation-1.27.jar
2025-11-12 23:29:33,961 [Worker-22: Launching mavenrun-916ef5ff-dd20-486f-8467-7abd8b400631] INFO  o.eclipse.m2e.core.internal.Bundles - 	Entry: C:\Users\ganes\.p2\pool\plugins\org.eclipse.m2e.maven.runtime_3.9.900.20250220-2013\jars\plexus-sec-dispatcher-2.0.jar
2025-11-12 23:29:33,961 [Worker-22: Launching mavenrun-916ef5ff-dd20-486f-8467-7abd8b400631] INFO  o.eclipse.m2e.core.internal.Bundles - 	Entry: C:\Users\ganes\.p2\pool\plugins\org.eclipse.m2e.maven.runtime_3.9.900.20250220-2013\jars\plexus-utils-3.5.1.jar
2025-11-12 23:29:33,961 [Worker-22: Launching mavenrun-916ef5ff-dd20-486f-8467-7abd8b400631] INFO  o.eclipse.m2e.core.internal.Bundles - 	Entry: C:\Users\ganes\.p2\pool\plugins\org.eclipse.m2e.maven.runtime_3.9.900.20250220-2013\jars\plexus-xml-3.0.1.jar
2025-11-12 23:29:33,961 [Worker-22: Launching mavenrun-916ef5ff-dd20-486f-8467-7abd8b400631] INFO  o.eclipse.m2e.core.internal.Bundles - 	Entry: C:\Users\ganes\.p2\pool\plugins\org.eclipse.m2e.maven.runtime_3.9.900.20250220-2013\jars\wagon-file-3.5.3.jar
2025-11-12 23:29:33,961 [Worker-22: Launching mavenrun-916ef5ff-dd20-486f-8467-7abd8b400631] INFO  o.eclipse.m2e.core.internal.Bundles - 	Entry: C:\Users\ganes\.p2\pool\plugins\org.eclipse.m2e.maven.runtime_3.9.900.20250220-2013\jars\wagon-http-3.5.3.jar
2025-11-12 23:29:33,961 [Worker-22: Launching mavenrun-916ef5ff-dd20-486f-8467-7abd8b400631] INFO  o.eclipse.m2e.core.internal.Bundles - 	Entry: C:\Users\ganes\.p2\pool\plugins\org.eclipse.m2e.maven.runtime_3.9.900.20250220-2013\jars\wagon-http-shared-3.5.3.jar
2025-11-12 23:29:33,961 [Worker-22: Launching mavenrun-916ef5ff-dd20-486f-8467-7abd8b400631] INFO  o.eclipse.m2e.core.internal.Bundles - 	Entry: C:\Users\ganes\.p2\pool\plugins\org.eclipse.m2e.maven.runtime_3.9.900.20250220-2013\jars\wagon-provider-api-3.5.3.jar
2025-11-12 23:29:33,962 [Worker-22: Launching mavenrun-916ef5ff-dd20-486f-8467-7abd8b400631] INFO  o.eclipse.m2e.core.internal.Bundles - getClasspathEntries(Bundle=com.google.guava_33.4.8.jre [1357])
2025-11-12 23:29:33,963 [Worker-22: Launching mavenrun-916ef5ff-dd20-486f-8467-7abd8b400631] INFO  o.eclipse.m2e.core.internal.Bundles - 	Entry: C:\Users\ganes\.p2\pool\plugins\com.google.guava_33.4.8.jre.jar
2025-11-12 23:29:33,963 [Worker-22: Launching mavenrun-916ef5ff-dd20-486f-8467-7abd8b400631] INFO  o.eclipse.m2e.core.internal.Bundles - getClasspathEntries(Bundle=slf4j.api_2.0.17 [1001])
2025-11-12 23:29:33,964 [Worker-22: Launching mavenrun-916ef5ff-dd20-486f-8467-7abd8b400631] INFO  o.eclipse.m2e.core.internal.Bundles - 	Entry: C:\Users\ganes\.p2\pool\plugins\slf4j.api_2.0.17.jar
2025-11-12 23:29:33,964 [Worker-22: Launching mavenrun-916ef5ff-dd20-486f-8467-7abd8b400631] INFO  o.eclipse.m2e.core.internal.Bundles - getClasspathEntries(Bundle=javax.inject_1.0.0.v20220405-0441 [1276])
2025-11-12 23:29:33,964 [Worker-22: Launching mavenrun-916ef5ff-dd20-486f-8467-7abd8b400631] INFO  o.eclipse.m2e.core.internal.Bundles - 	Entry: C:\Users\ganes\.p2\pool\plugins\javax.inject_1.0.0.v20220405-0441.jar
2025-11-12 23:29:33,964 [Worker-22: Launching mavenrun-916ef5ff-dd20-486f-8467-7abd8b400631] INFO  o.eclipse.m2e.core.internal.Bundles - getClasspathEntries(Bundle=javax.annotation_1.3.5.v20230504-0748 [1275])
2025-11-12 23:29:33,964 [Worker-22: Launching mavenrun-916ef5ff-dd20-486f-8467-7abd8b400631] INFO  o.eclipse.m2e.core.internal.Bundles - 	Entry: C:\Users\ganes\.p2\pool\plugins\javax.annotation_1.3.5.v20230504-0748.jar
2025-11-12 23:29:33,964 [Worker-22: Launching mavenrun-916ef5ff-dd20-486f-8467-7abd8b400631] INFO  o.eclipse.m2e.core.internal.Bundles - getClasspathEntries(Bundle=org.apache.commons.cli_1.9.0 [74])
2025-11-12 23:29:33,964 [Worker-22: Launching mavenrun-916ef5ff-dd20-486f-8467-7abd8b400631] INFO  o.eclipse.m2e.core.internal.Bundles - 	Entry: C:\Users\ganes\.p2\pool\plugins\org.apache.commons.cli_1.9.0.jar
2025-11-12 23:29:33,964 [Worker-22: Launching mavenrun-916ef5ff-dd20-486f-8467-7abd8b400631] INFO  o.eclipse.m2e.core.internal.Bundles - getClasspathEntries(Bundle=org.apache.commons.commons-codec_1.16.0 [76])
2025-11-12 23:29:33,965 [Worker-22: Launching mavenrun-916ef5ff-dd20-486f-8467-7abd8b400631] INFO  o.eclipse.m2e.core.internal.Bundles - 	Entry: C:\Users\ganes\.p2\pool\plugins\org.apache.commons.commons-codec_1.16.0.jar
2025-11-12 23:29:33,965 [Worker-22: Launching mavenrun-916ef5ff-dd20-486f-8467-7abd8b400631] INFO  o.eclipse.m2e.core.internal.Bundles - getClasspathEntries(Bundle=com.google.guava.failureaccess_1.0.3 [1006])
2025-11-12 23:29:33,965 [Worker-22: Launching mavenrun-916ef5ff-dd20-486f-8467-7abd8b400631] INFO  o.eclipse.m2e.core.internal.Bundles - 	Entry: C:\Users\ganes\.p2\pool\plugins\com.google.guava.failureaccess_1.0.3.jar
2025-11-12 23:29:33,970 [Worker-22: Launching mavenrun-916ef5ff-dd20-486f-8467-7abd8b400631] INFO  o.e.m.i.launch.MavenLaunchDelegate - Run build in "C:\Users\ganes\AppData\Local\Temp\m2e-archetypeGenerator15399250318406304793":
2025-11-12 23:29:33,974 [Worker-22: Launching mavenrun-916ef5ff-dd20-486f-8467-7abd8b400631] INFO  o.e.m.i.launch.MavenLaunchDelegate -  mvn  -DarchetypeGroupId=org.apache.maven.archetypes -DarchetypeArtifactId=maven-archetype-quickstart -DarchetypeVersion=1.1 -DgroupId=examplessssssss -DartifactId=com.examplesssss -Dversion=0.0.1-SNAPSHOT -Dpackage=com.examplesssss -DoutputDirectory=D:\exampleDemo -Dstyle.color=always -U archetype:generate
2025-11-12 23:29:40,702 [Worker-3: Creating maven-archetype-quickstart] INFO  o.e.m.c.i.p.ProjectConfigurationManager - Collecting project info '/pom.xml' D:\exampleDemo\com.examplesssss\pom.xml
2025-11-12 23:29:41,099 [Worker-3: Creating maven-archetype-quickstart] INFO  o.e.m.c.i.l.LifecycleMappingFactory - Using org.eclipse.m2e.jdt.JarLifecycleMapping lifecycle mapping for MavenProject: examplessssssss:com.examplesssss:0.0.1-SNAPSHOT @ D:\exampleDemo\com.examplesssss\pom.xml.
2025-11-12 23:29:41,544 [Worker-3: Creating maven-archetype-quickstart] INFO  o.e.m.j.i.AbstractJavaProjectConfigurator - Adding source folder /com.examplesssss/src/main/java
2025-11-12 23:29:41,545 [Worker-3: Creating maven-archetype-quickstart] INFO  o.e.m.j.i.AbstractJavaProjectConfigurator - Adding resource folder /com.examplesssss/src/main/resources
2025-11-12 23:29:41,547 [Worker-3: Creating maven-archetype-quickstart] INFO  o.e.m.j.i.AbstractJavaProjectConfigurator - Adding source folder /com.examplesssss/src/test/java
2025-11-12 23:29:41,548 [Worker-3: Creating maven-archetype-quickstart] INFO  o.e.m.j.i.AbstractJavaProjectConfigurator - Adding resource folder /com.examplesssss/src/test/resources
2025-11-12 23:29:41,641 [Worker-3: Creating maven-archetype-quickstart] INFO  o.e.m.c.i.p.ProjectConfigurationManager - Imported and configured 1 project(s) in 0 sec
2025-11-12 23:29:42,772 [Worker-31: Building] INFO  o.a.m.s.f.DefaultMavenResourcesFiltering - skip non existing resourceDirectory D:\exampleDemo\com.examplesssss\src\main\resources
2025-11-12 23:29:42,776 [Worker-31: Building] INFO  o.a.m.s.f.DefaultMavenResourcesFiltering - skip non existing resourceDirectory D:\exampleDemo\com.examplesssss\src\test\resources
